android/app/build/intermediates/manifest_merge_blame_file/release/manifest-merger-blame-release-report.txt
1<?xml version="1.0" encoding="utf-8"?>
2<manifest xmlns:android="http://schemas.android.com/apk/res/android"
3    package="com.queensenglish"
4    android:versionCode="1"
5    android:versionName="1.0" >
6
7    <uses-sdk
8        android:minSdkVersion="21"
8-->src/main/AndroidManifest.xml
9        android:targetSdkVersion="30" />
9-->src/main/AndroidManifest.xml
10
11    <uses-permission android:name="android.permission.INTERNET" />
11-->src/main/AndroidManifest.xml:2:3-64
11-->src/main/AndroidManifest.xml:2:20-62
12    <!-- OPTIONAL PERMISSIONS, REMOVE WHATEVER YOU DO NOT NEED -->
13    <uses-permission android:name="android.permission.SYSTEM_ALERT_WINDOW" />
13-->src/main/AndroidManifest.xml:4:3-75
13-->src/main/AndroidManifest.xml:4:20-73
14    <uses-permission android:name="android.permission.READ_PHONE_STATE" />
14-->src/main/AndroidManifest.xml:5:3-72
14-->src/main/AndroidManifest.xml:5:20-70
15    <uses-permission android:name="android.permission.VIBRATE" />
15-->src/main/AndroidManifest.xml:6:3-63
15-->src/main/AndroidManifest.xml:6:20-61
16    <uses-permission android:name="android.permission.MODIFY_AUDIO_SETTINGS" />
16-->src/main/AndroidManifest.xml:7:3-77
16-->src/main/AndroidManifest.xml:7:20-75
17    <!-- These require runtime permissions on M -->
18    <uses-permission android:name="android.permission.READ_EXTERNAL_STORAGE" />
18-->src/main/AndroidManifest.xml:9:3-77
18-->src/main/AndroidManifest.xml:9:20-75
19    <uses-permission android:name="android.permission.WRITE_EXTERNAL_STORAGE" />
19-->src/main/AndroidManifest.xml:10:3-78
19-->src/main/AndroidManifest.xml:10:20-76
20    <uses-permission android:name="android.permission.ACCESS_NETWORK_STATE" />
20-->[:expo-updates] AndroidManifest.xml:11:5-79
20-->[:expo-updates] AndroidManifest.xml:11:22-76
21    <uses-permission android:name="android.permission.RECORD_AUDIO" />
21-->[:react-native-voice_voice] AndroidManifest.xml:13:5-71
21-->[:react-native-voice_voice] AndroidManifest.xml:13:22-68
22    <uses-permission android:name="com.google.android.finsky.permission.BIND_GET_INSTALL_REFERRER_SERVICE" /> <!-- END OPTIONAL PERMISSIONS -->
22-->[com.android.installreferrer:installreferrer:1.0] AndroidManifest.xml:9:5-110
22-->[com.android.installreferrer:installreferrer:1.0] AndroidManifest.xml:9:22-107
23    <application
23-->src/main/AndroidManifest.xml:12:3-38:17
24        android:name="com.queensenglish.MainApplication"
24-->src/main/AndroidManifest.xml:13:5-36
25        android:allowBackup="false"
25-->src/main/AndroidManifest.xml:17:5-32
26        android:appComponentFactory="androidx.core.app.CoreComponentFactory"
26-->[androidx.core:core:1.3.0] AndroidManifest.xml:24:18-86
27        android:icon="@mipmap/ic_launcher"
27-->src/main/AndroidManifest.xml:15:5-39
28        android:label="@string/app_name"
28-->src/main/AndroidManifest.xml:14:5-37
29        android:roundIcon="@mipmap/ic_launcher_round"
29-->src/main/AndroidManifest.xml:16:5-50
30        android:theme="@style/AppTheme" >
30-->src/main/AndroidManifest.xml:18:5-36
31        <meta-data
31-->src/main/AndroidManifest.xml:20:5-129
32            android:name="expo.modules.updates.EXPO_UPDATE_URL"
32-->src/main/AndroidManifest.xml:20:16-67
33            android:value="https://exp.host/@ayshrimali/queensenglish" />
33-->src/main/AndroidManifest.xml:20:68-126
34        <meta-data
34-->src/main/AndroidManifest.xml:21:5-94
35            android:name="expo.modules.updates.EXPO_SDK_VERSION"
35-->src/main/AndroidManifest.xml:21:16-68
36            android:value="41.0.0" />
36-->src/main/AndroidManifest.xml:21:69-91
37        <meta-data
37-->src/main/AndroidManifest.xml:22:5-99
38            android:name="expo.modules.updates.EXPO_RELEASE_CHANNEL"
38-->src/main/AndroidManifest.xml:22:16-72
39            android:value="default" />
39-->src/main/AndroidManifest.xml:22:73-96
40
41        <activity
41-->src/main/AndroidManifest.xml:24:3-36:16
42            android:name="com.queensenglish.MainActivity"
42-->src/main/AndroidManifest.xml:25:5-33
43            android:configChanges="keyboard|keyboardHidden|orientation|screenSize|uiMode"
43-->src/main/AndroidManifest.xml:27:7-84
44            android:label="@string/app_name"
44-->src/main/AndroidManifest.xml:26:7-39
45            android:launchMode="singleTask"
45-->src/main/AndroidManifest.xml:28:7-38
46            android:theme="@style/Theme.App.SplashScreen"
46-->src/main/AndroidManifest.xml:30:7-52
47            android:windowSoftInputMode="adjustResize" >
47-->src/main/AndroidManifest.xml:29:7-49
48            <intent-filter>
48-->src/main/AndroidManifest.xml:32:7-35:23
49                <action android:name="android.intent.action.MAIN" />
49-->src/main/AndroidManifest.xml:33:9-60
49-->src/main/AndroidManifest.xml:33:17-58
50
51                <category android:name="android.intent.category.LAUNCHER" />
51-->src/main/AndroidManifest.xml:34:9-68
51-->src/main/AndroidManifest.xml:34:19-66
52            </intent-filter>
53        </activity>
54        <activity android:name="com.facebook.react.devsupport.DevSettingsActivity" />
54-->src/main/AndroidManifest.xml:37:5-81
54-->src/main/AndroidManifest.xml:37:15-79
55
56        <meta-data
56-->[:unimodules-react-native-adapter] AndroidManifest.xml:12:9-14:91
57            android:name="org.unimodules.core.AppLoader#react-native-headless"
57-->[:unimodules-react-native-adapter] AndroidManifest.xml:13:13-79
58            android:value="org.unimodules.adapters.react.apploader.RNHeadlessAppLoader" />
58-->[:unimodules-react-native-adapter] AndroidManifest.xml:14:13-88
59
60        <provider
60-->[:expo-file-system] AndroidManifest.xml:17:9-26:20
61            android:name="expo.modules.filesystem.FileSystemFileProvider"
61-->[:expo-file-system] AndroidManifest.xml:18:13-74
62            android:authorities="com.queensenglish.FileSystemFileProvider"
62-->[:expo-file-system] AndroidManifest.xml:19:13-74
63            android:exported="false"
63-->[:expo-file-system] AndroidManifest.xml:20:13-37
64            android:grantUriPermissions="true" >
64-->[:expo-file-system] AndroidManifest.xml:21:13-47
65            <meta-data
65-->[:expo-file-system] AndroidManifest.xml:23:13-25:70
66                android:name="android.support.FILE_PROVIDER_PATHS"
66-->[:expo-file-system] AndroidManifest.xml:24:17-67
67                android:resource="@xml/file_system_provider_paths" />
67-->[:expo-file-system] AndroidManifest.xml:25:17-67
68        </provider>
69
70        <service
70-->[androidx.room:room-runtime:2.1.0] AndroidManifest.xml:25:9-27:40
71            android:name="androidx.room.MultiInstanceInvalidationService"
71-->[androidx.room:room-runtime:2.1.0] AndroidManifest.xml:26:13-74
72            android:exported="false" />
72-->[androidx.room:room-runtime:2.1.0] AndroidManifest.xml:27:13-37
73    </application>
74
75</manifest>